INFO - 2024-11-18 16:05:08 --> Session: Class initialized using 'CodeIgniter\Session\Handlers\FileHandler' driver.
INFO - 2024-11-18 16:22:31 --> Session: Class initialized using 'CodeIgniter\Session\Handlers\FileHandler' driver.
ERROR - 2024-11-18 16:22:32 --> Error connecting to the database: mysqli_sql_exception: Access denied for user 'adve4124_triyadii'@'localhost' (using password: YES) in C:\xampp\htdocs\project\WebsiteSekolah\core\system\Database\MySQLi\Connection.php:186
Stack trace:
#0 C:\xampp\htdocs\project\WebsiteSekolah\core\system\Database\MySQLi\Connection.php(186): mysqli->real_connect('localhost', 'adve4124_triyad...', Object(SensitiveParameterValue), 'adve4124_prod_s...', 3306, '', 0)
#1 C:\xampp\htdocs\project\WebsiteSekolah\core\system\Database\BaseConnection.php(421): CodeIgniter\Database\MySQLi\Connection->connect(false)
#2 C:\xampp\htdocs\project\WebsiteSekolah\core\system\Database\BaseConnection.php(616): CodeIgniter\Database\BaseConnection->initialize()
#3 C:\xampp\htdocs\project\WebsiteSekolah\core\system\Database\BaseBuilder.php(1644): CodeIgniter\Database\BaseConnection->query('SELECT *\nFROM `...', Array, false)
#4 C:\xampp\htdocs\project\WebsiteSekolah\core\app\Models\Model_data.php(77): CodeIgniter\Database\BaseBuilder->get()
#5 C:\xampp\htdocs\project\WebsiteSekolah\core\app\Controllers\Page.php(39): App\Models\Model_data->tampilSambutan()
#6 C:\xampp\htdocs\project\WebsiteSekolah\core\system\CodeIgniter.php(933): App\Controllers\page->sambutan()
#7 C:\xampp\htdocs\project\WebsiteSekolah\core\system\CodeIgniter.php(509): CodeIgniter\CodeIgniter->runController(Object(App\Controllers\page))
#8 C:\xampp\htdocs\project\WebsiteSekolah\core\system\CodeIgniter.php(355): CodeIgniter\CodeIgniter->handleRequest(NULL, Object(Config\Cache), false)
#9 C:\xampp\htdocs\project\WebsiteSekolah\core\system\Boot.php(325): CodeIgniter\CodeIgniter->run()
#10 C:\xampp\htdocs\project\WebsiteSekolah\core\system\Boot.php(67): CodeIgniter\Boot::runCodeIgniter(Object(CodeIgniter\CodeIgniter))
#11 C:\xampp\htdocs\project\WebsiteSekolah\index.php(20): CodeIgniter\Boot::bootWeb(Object(Config\Paths))
#12 {main}

Next CodeIgniter\Database\Exceptions\DatabaseException: Access denied for user '****'@'localhost' (using password: YES) in C:\xampp\htdocs\project\WebsiteSekolah\core\system\Database\MySQLi\Connection.php:231
Stack trace:
#0 C:\xampp\htdocs\project\WebsiteSekolah\core\system\Database\BaseConnection.php(421): CodeIgniter\Database\MySQLi\Connection->connect(false)
#1 C:\xampp\htdocs\project\WebsiteSekolah\core\system\Database\BaseConnection.php(616): CodeIgniter\Database\BaseConnection->initialize()
#2 C:\xampp\htdocs\project\WebsiteSekolah\core\system\Database\BaseBuilder.php(1644): CodeIgniter\Database\BaseConnection->query('SELECT *\nFROM `...', Array, false)
#3 C:\xampp\htdocs\project\WebsiteSekolah\core\app\Models\Model_data.php(77): CodeIgniter\Database\BaseBuilder->get()
#4 C:\xampp\htdocs\project\WebsiteSekolah\core\app\Controllers\Page.php(39): App\Models\Model_data->tampilSambutan()
#5 C:\xampp\htdocs\project\WebsiteSekolah\core\system\CodeIgniter.php(933): App\Controllers\page->sambutan()
#6 C:\xampp\htdocs\project\WebsiteSekolah\core\system\CodeIgniter.php(509): CodeIgniter\CodeIgniter->runController(Object(App\Controllers\page))
#7 C:\xampp\htdocs\project\WebsiteSekolah\core\system\CodeIgniter.php(355): CodeIgniter\CodeIgniter->handleRequest(NULL, Object(Config\Cache), false)
#8 C:\xampp\htdocs\project\WebsiteSekolah\core\system\Boot.php(325): CodeIgniter\CodeIgniter->run()
#9 C:\xampp\htdocs\project\WebsiteSekolah\core\system\Boot.php(67): CodeIgniter\Boot::runCodeIgniter(Object(CodeIgniter\CodeIgniter))
#10 C:\xampp\htdocs\project\WebsiteSekolah\index.php(20): CodeIgniter\Boot::bootWeb(Object(Config\Paths))
#11 {main}
CRITICAL - 2024-11-18 16:22:32 --> CodeIgniter\Database\Exceptions\DatabaseException: Unable to connect to the database.
Main connection [MySQLi]: Access denied for user '****'@'localhost' (using password: YES)
[Method: GET, Route: Sambutan]
in SYSTEMPATH\Database\BaseConnection.php on line 467.
 1 SYSTEMPATH\Database\BaseConnection.php(616): CodeIgniter\Database\BaseConnection->initialize()
 2 SYSTEMPATH\Database\BaseBuilder.php(1644): CodeIgniter\Database\BaseConnection->query('SELECT *
FROM `tbl_sambutan`', [], false)
 3 APPPATH\Models\Model_data.php(77): CodeIgniter\Database\BaseBuilder->get()
 4 APPPATH\Controllers\Page.php(39): App\Models\Model_data->tampilSambutan()
 5 SYSTEMPATH\CodeIgniter.php(933): App\Controllers\page->sambutan()
 6 SYSTEMPATH\CodeIgniter.php(509): CodeIgniter\CodeIgniter->runController(Object(App\Controllers\page))
 7 SYSTEMPATH\CodeIgniter.php(355): CodeIgniter\CodeIgniter->handleRequest(null, Object(Config\Cache), false)
 8 SYSTEMPATH\Boot.php(325): CodeIgniter\CodeIgniter->run()
 9 SYSTEMPATH\Boot.php(67): CodeIgniter\Boot::runCodeIgniter(Object(CodeIgniter\CodeIgniter))
10 FCPATH\index.php(20): CodeIgniter\Boot::bootWeb(Object(Config\Paths))
INFO - 2024-11-18 16:23:12 --> Session: Class initialized using 'CodeIgniter\Session\Handlers\FileHandler' driver.
INFO - 2024-11-18 16:23:15 --> Session: Class initialized using 'CodeIgniter\Session\Handlers\FileHandler' driver.
INFO - 2024-11-18 16:23:16 --> Session: Class initialized using 'CodeIgniter\Session\Handlers\FileHandler' driver.
INFO - 2024-11-18 16:23:20 --> Session: Class initialized using 'CodeIgniter\Session\Handlers\FileHandler' driver.
INFO - 2024-11-18 16:23:25 --> Session: Class initialized using 'CodeIgniter\Session\Handlers\FileHandler' driver.
INFO - 2024-11-18 16:24:33 --> Session: Class initialized using 'CodeIgniter\Session\Handlers\FileHandler' driver.
INFO - 2024-11-18 16:36:33 --> Session: Class initialized using 'CodeIgniter\Session\Handlers\FileHandler' driver.
